app/build/intermediates/manifest_merge_blame_file/debug/manifest-merger-blame-debug-report.txt
1<?xml version="1.0" encoding="utf-8"?>
2<manifest xmlns:android="http://schemas.android.com/apk/res/android"
3    package="com.example.myapplication"
4    android:versionCode="1"
5    android:versionName="1.0" >
6
7    <uses-sdk
8        android:minSdkVersion="20"
8-->src/main/AndroidManifest.xml
9        android:targetSdkVersion="33" />
9-->src/main/AndroidManifest.xml
10
11    <uses-feature
11-->src/main/AndroidManifest.xml:5:5-7:36
12        android:name="android.hardware.telephony"
12-->src/main/AndroidManifest.xml:6:9-50
13        android:required="false" />
13-->src/main/AndroidManifest.xml:7:9-33
14
15    <uses-permission android:name="android.permission.CALL_PHONE" />
15-->src/main/AndroidManifest.xml:9:5-69
15-->src/main/AndroidManifest.xml:9:22-66
16    <uses-permission android:name="android.permission.INTERNET" />
16-->src/main/AndroidManifest.xml:10:5-66
16-->src/main/AndroidManifest.xml:10:22-64
17
18    <permission
18-->[androidx.core:core:1.9.0] AndroidManifest.xml:22:5-24:47
19        android:name="com.example.myapplication.DYNAMIC_RECEIVER_NOT_EXPORTED_PERMISSION"
19-->[androidx.core:core:1.9.0] AndroidManifest.xml:23:9-81
20        android:protectionLevel="signature" />
20-->[androidx.core:core:1.9.0] AndroidManifest.xml:24:9-44
21
22    <uses-permission android:name="com.example.myapplication.DYNAMIC_RECEIVER_NOT_EXPORTED_PERMISSION" />
22-->[androidx.core:core:1.9.0] AndroidManifest.xml:26:5-97
22-->[androidx.core:core:1.9.0] AndroidManifest.xml:26:22-94
23
24    <application
24-->src/main/AndroidManifest.xml:12:5-49:19
25        android:allowBackup="true"
25-->src/main/AndroidManifest.xml:13:9-35
26        android:appComponentFactory="androidx.core.app.CoreComponentFactory"
26-->[androidx.core:core:1.9.0] AndroidManifest.xml:28:18-86
27        android:dataExtractionRules="@xml/data_extraction_rules"
27-->src/main/AndroidManifest.xml:14:9-65
28        android:debuggable="true"
29        android:fullBackupContent="@xml/backup_rules"
29-->src/main/AndroidManifest.xml:15:9-54
30        android:icon="@mipmap/ic_launcher"
30-->src/main/AndroidManifest.xml:16:9-43
31        android:label="@string/app_name"
31-->src/main/AndroidManifest.xml:17:9-41
32        android:roundIcon="@mipmap/ic_launcher_round"
32-->src/main/AndroidManifest.xml:18:9-54
33        android:supportsRtl="true"
33-->src/main/AndroidManifest.xml:19:9-35
34        android:testOnly="true"
35        android:theme="@style/Theme.MyApplication" >
35-->src/main/AndroidManifest.xml:20:9-51
36        <activity
36-->src/main/AndroidManifest.xml:22:9-24:40
37            android:name="com.example.myapplication.OnlineActivity"
37-->src/main/AndroidManifest.xml:23:13-43
38            android:exported="false" />
38-->src/main/AndroidManifest.xml:24:13-37
39        <activity
39-->src/main/AndroidManifest.xml:25:9-27:40
40            android:name="com.example.myapplication.TipsActivity"
40-->src/main/AndroidManifest.xml:26:13-41
41            android:exported="false" />
41-->src/main/AndroidManifest.xml:27:13-37
42        <activity
42-->src/main/AndroidManifest.xml:28:9-30:40
43            android:name="com.example.myapplication.FlowerActiviyty"
43-->src/main/AndroidManifest.xml:29:13-44
44            android:exported="false" />
44-->src/main/AndroidManifest.xml:30:13-37
45        <activity
45-->src/main/AndroidManifest.xml:31:9-33:40
46            android:name="com.example.myapplication.FlowerCaringActivity"
46-->src/main/AndroidManifest.xml:32:13-49
47            android:exported="false" />
47-->src/main/AndroidManifest.xml:33:13-37
48        <activity
48-->src/main/AndroidManifest.xml:34:9-36:40
49            android:name="com.example.myapplication.Pay_optionActivity"
49-->src/main/AndroidManifest.xml:35:13-47
50            android:exported="false" />
50-->src/main/AndroidManifest.xml:36:13-37
51        <activity
51-->src/main/AndroidManifest.xml:37:9-39:40
52            android:name="com.example.myapplication.Add_prodctsActivity"
52-->src/main/AndroidManifest.xml:38:13-48
53            android:exported="false" />
53-->src/main/AndroidManifest.xml:39:13-37
54        <activity
54-->src/main/AndroidManifest.xml:40:9-48:20
55            android:name="com.example.myapplication.MainActivity"
55-->src/main/AndroidManifest.xml:41:13-41
56            android:exported="true" >
56-->src/main/AndroidManifest.xml:42:13-36
57            <intent-filter>
57-->src/main/AndroidManifest.xml:43:13-47:29
58                <action android:name="android.intent.action.MAIN" />
58-->src/main/AndroidManifest.xml:44:17-69
58-->src/main/AndroidManifest.xml:44:25-66
59
60                <category android:name="android.intent.category.LAUNCHER" />
60-->src/main/AndroidManifest.xml:46:17-77
60-->src/main/AndroidManifest.xml:46:27-74
61            </intent-filter>
62        </activity>
63
64        <provider
64-->[androidx.emoji2:emoji2:1.2.0] AndroidManifest.xml:24:9-32:20
65            android:name="androidx.startup.InitializationProvider"
65-->[androidx.emoji2:emoji2:1.2.0] AndroidManifest.xml:25:13-67
66            android:authorities="com.example.myapplication.androidx-startup"
66-->[androidx.emoji2:emoji2:1.2.0] AndroidManifest.xml:26:13-68
67            android:exported="false" >
67-->[androidx.emoji2:emoji2:1.2.0] AndroidManifest.xml:27:13-37
68            <meta-data
68-->[androidx.emoji2:emoji2:1.2.0] AndroidManifest.xml:29:13-31:52
69                android:name="androidx.emoji2.text.EmojiCompatInitializer"
69-->[androidx.emoji2:emoji2:1.2.0] AndroidManifest.xml:30:17-75
70                android:value="androidx.startup" />
70-->[androidx.emoji2:emoji2:1.2.0] AndroidManifest.xml:31:17-49
71            <meta-data
71-->[androidx.lifecycle:lifecycle-process:2.4.1] AndroidManifest.xml:31:13-33:52
72                android:name="androidx.lifecycle.ProcessLifecycleInitializer"
72-->[androidx.lifecycle:lifecycle-process:2.4.1] AndroidManifest.xml:32:17-78
73                android:value="androidx.startup" />
73-->[androidx.lifecycle:lifecycle-process:2.4.1] AndroidManifest.xml:33:17-49
74        </provider>
75    </application>
76
77</manifest>